[ 2017-09-12T19:53:22+08:00 ] 127.0.0.1 /Admin/Goods/index.html
INFO: [ app_init ] --START--
INFO: Run Behavior\BuildLiteBehavior [ RunTime:0.000023s ]
INFO: [ app_init ] --END-- [ RunTime:0.000630s ]
INFO: [ app_begin ] --START--
INFO: Run Behavior\ReadHtmlCacheBehavior [ RunTime:0.000578s ]
INFO: [ app_begin ] --END-- [ RunTime:0.000698s ]
SQL: SHOW COLUMNS FROM `yd_goods` [ RunTime:0.0343s ]
SQL: SELECT * FROM `yd_goods` WHERE ( 1=1 )  [ RunTime:0.0458s ]
SQL: SHOW COLUMNS FROM `yd_classification` [ RunTime:0.0008s ]
SQL: SELECT * FROM `yd_classification` WHERE `brand_id` = 21 LIMIT 1   [ RunTime:0.0121s ]
SQL: SHOW COLUMNS FROM `yd_brand` [ RunTime:0.0007s ]
SQL: SELECT * FROM `yd_brand` WHERE `brand_id` = 11 LIMIT 1   [ RunTime:0.0007s ]
SQL: SELECT * FROM `yd_classification` WHERE `brand_id` = 20 LIMIT 1   [ RunTime:0.0004s ]
SQL: SELECT * FROM `yd_brand` WHERE `brand_id` = 9 LIMIT 1   [ RunTime:0.0003s ]
SQL: SELECT * FROM `yd_classification` WHERE `brand_id` = 23 LIMIT 1   [ RunTime:0.0003s ]
SQL: SELECT * FROM `yd_brand` WHERE `brand_id` = 14 LIMIT 1   [ RunTime:0.0003s ]
SQL: SELECT * FROM `yd_classification` WHERE `brand_id` = 20 LIMIT 1   [ RunTime:0.0003s ]
SQL: SELECT * FROM `yd_brand` WHERE `brand_id` = 14 LIMIT 1   [ RunTime:0.0003s ]
SQL: SELECT * FROM `yd_classification` WHERE `brand_id` = 21 LIMIT 1   [ RunTime:0.0003s ]
SQL: SELECT * FROM `yd_brand` WHERE `brand_id` = 9 LIMIT 1   [ RunTime:0.0003s ]
SQL: SELECT * FROM `yd_classification` WHERE `brand_id` = 20 LIMIT 1   [ RunTime:0.0003s ]
SQL: SELECT * FROM `yd_brand` WHERE `brand_id` = 10 LIMIT 1   [ RunTime:0.0003s ]
SQL: SELECT * FROM `yd_classification` WHERE `brand_id` = 21 LIMIT 1   [ RunTime:0.0003s ]
SQL: SELECT * FROM `yd_brand` WHERE `brand_id` = 10 LIMIT 1   [ RunTime:0.0003s ]
SQL: SELECT * FROM `yd_classification` WHERE `brand_id` = 20 LIMIT 1   [ RunTime:0.0003s ]
SQL: SELECT * FROM `yd_brand` WHERE `brand_id` = 11 LIMIT 1   [ RunTime:0.0003s ]
SQL: SELECT * FROM `yd_classification` WHERE `brand_id` = 21 LIMIT 1   [ RunTime:0.0003s ]
SQL: SELECT * FROM `yd_brand` WHERE `brand_id` = 11 LIMIT 1   [ RunTime:0.0003s ]
SQL: SELECT * FROM `yd_classification`  [ RunTime:0.0003s ]
SQL: SELECT * FROM `yd_brand`  [ RunTime:0.0003s ]
INFO: [ view_parse ] --START--
INFO: [ template_filter ] --START--
INFO: Run Behavior\ContentReplaceBehavior [ RunTime:0.000225s ]
INFO: [ template_filter ] --END-- [ RunTime:0.000374s ]
NOTIC: [8] Use of undefined constant Index - assumed 'Index' D:\wamp64\www\y\App\Runtime\Cache\Admin\aa143db074a4ae068af099999d56ed88.php 第 18 行.
NOTIC: [8] Use of undefined constant index - assumed 'index' D:\wamp64\www\y\App\Runtime\Cache\Admin\aa143db074a4ae068af099999d56ed88.php 第 18 行.
NOTIC: [2] Division by zero D:\wamp64\www\y\App\Runtime\Cache\Admin\aa143db074a4ae068af099999d56ed88.php 第 18 行.
INFO: Run Behavior\ParseTemplateBehavior [ RunTime:0.043501s ]
INFO: [ view_parse ] --END-- [ RunTime:0.043657s ]
INFO: [ view_filter ] --START--
INFO: Run Behavior\WriteHtmlCacheBehavior [ RunTime:0.000623s ]
INFO: Run Behavior\TokenBuildBehavior [ RunTime:0.001552s ]
INFO: [ view_filter ] --END-- [ RunTime:0.002398s ]
INFO: [ app_end ] --START--
INFO: Run Behavior\ShowPageTraceBehavior [ RunTime:0.001044s ]
INFO: [ app_end ] --END-- [ RunTime:0.001208s ]

[ 2017-09-12T19:53:24+08:00 ] 127.0.0.1 /Admin/User/index.html
INFO: [ app_init ] --START--
INFO: Run Behavior\BuildLiteBehavior [ RunTime:0.000027s ]
INFO: [ app_init ] --END-- [ RunTime:0.000625s ]
INFO: [ app_begin ] --START--
INFO: Run Behavior\ReadHtmlCacheBehavior [ RunTime:0.000662s ]
INFO: [ app_begin ] --END-- [ RunTime:0.000780s ]
NOTIC: [8] Undefined index: p D:\wamp64\www\y\App\Admin\Controller\UserController.class.php 第 10 行.
SQL: SHOW COLUMNS FROM `yd_agent` [ RunTime:0.0006s ]
SQL: SELECT * FROM `yd_agent` INNER JOIN yd_money ON yd_money.agent_id = yd_agent.id  LIMIT 0,20   [ RunTime:0.0858s ]
SQL: SELECT COUNT(*) AS tp_count FROM `yd_agent` INNER JOIN yd_money ON yd_money.agent_id = yd_agent.id  LIMIT 1   [ RunTime:0.0004s ]
SQL: SHOW COLUMNS FROM `yd_login_log` [ RunTime:0.0007s ]
SQL: SELECT `time` FROM `yd_login_log` WHERE `name` = 'zhoufei' ORDER BY time desc LIMIT 1   [ RunTime:0.1715s ]
SQL: SELECT `time` FROM `yd_login_log` WHERE `name` = 'user1' ORDER BY time desc LIMIT 1   [ RunTime:0.0792s ]
SQL: SELECT `time` FROM `yd_login_log` WHERE `name` = 'user2' ORDER BY time desc LIMIT 1   [ RunTime:0.0012s ]
SQL: SELECT `time` FROM `yd_login_log` WHERE `name` = 'user3' ORDER BY time desc LIMIT 1   [ RunTime:0.0007s ]
SQL: SELECT `time` FROM `yd_login_log` WHERE `name` = 'll' ORDER BY time desc LIMIT 1   [ RunTime:0.0008s ]
SQL: SELECT `time` FROM `yd_login_log` WHERE `name` = 'user' ORDER BY time desc LIMIT 1   [ RunTime:0.0007s ]
SQL: SELECT `time` FROM `yd_login_log` WHERE `name` = 'cs' ORDER BY time desc LIMIT 1   [ RunTime:0.0007s ]
SQL: SELECT `time` FROM `yd_login_log` WHERE `name` = 'wodedailishang' ORDER BY time desc LIMIT 1   [ RunTime:0.0007s ]
SQL: SELECT `time` FROM `yd_login_log` WHERE `name` = 'user_2' ORDER BY time desc LIMIT 1   [ RunTime:0.0008s ]
SQL: SELECT `time` FROM `yd_login_log` WHERE `name` = 'user_3' ORDER BY time desc LIMIT 1   [ RunTime:0.0008s ]
SQL: SELECT `time` FROM `yd_login_log` WHERE `name` = 'user_4' ORDER BY time desc LIMIT 1   [ RunTime:0.0007s ]
SQL: SELECT `time` FROM `yd_login_log` WHERE `name` = 'admin' ORDER BY time desc LIMIT 1   [ RunTime:0.0007s ]
SQL: SELECT `time` FROM `yd_login_log` WHERE `name` = 'user_2_1' ORDER BY time desc LIMIT 1   [ RunTime:0.0008s ]
SQL: SELECT `time` FROM `yd_login_log` WHERE `name` = 'user_2_2' ORDER BY time desc LIMIT 1   [ RunTime:0.0008s ]
INFO: [ view_parse ] --START--
INFO: [ template_filter ] --START--
INFO: Run Behavior\ContentReplaceBehavior [ RunTime:0.000168s ]
INFO: [ template_filter ] --END-- [ RunTime:0.000309s ]
NOTIC: [8] Use of undefined constant Index - assumed 'Index' D:\wamp64\www\y\App\Runtime\Cache\Admin\4295d5db477f3199c8db51638416159f.php 第 18 行.
NOTIC: [8] Use of undefined constant index - assumed 'index' D:\wamp64\www\y\App\Runtime\Cache\Admin\4295d5db477f3199c8db51638416159f.php 第 18 行.
NOTIC: [2] Division by zero D:\wamp64\www\y\App\Runtime\Cache\Admin\4295d5db477f3199c8db51638416159f.php 第 18 行.
INFO: Run Behavior\ParseTemplateBehavior [ RunTime:0.046619s ]
INFO: [ view_parse ] --END-- [ RunTime:0.046818s ]
INFO: [ view_filter ] --START--
INFO: Run Behavior\WriteHtmlCacheBehavior [ RunTime:0.000602s ]
INFO: Run Behavior\TokenBuildBehavior [ RunTime:0.001414s ]
INFO: [ view_filter ] --END-- [ RunTime:0.002148s ]
INFO: [ app_end ] --START--
INFO: Run Behavior\ShowPageTraceBehavior [ RunTime:0.000654s ]
INFO: [ app_end ] --END-- [ RunTime:0.000744s ]

[ 2017-09-12T19:53:33+08:00 ] 127.0.0.1 /Admin/User/dels/id/1.html
INFO: [ app_init ] --START--
INFO: Run Behavior\BuildLiteBehavior [ RunTime:0.000025s ]
INFO: [ app_init ] --END-- [ RunTime:0.000516s ]
INFO: [ app_begin ] --START--
INFO: Run Behavior\ReadHtmlCacheBehavior [ RunTime:0.001043s ]
INFO: [ app_begin ] --END-- [ RunTime:0.001209s ]
SQL: SHOW COLUMNS FROM `yd_agent` [ RunTime:0.0199s ]
SQL: DELETE FROM `yd_agent` WHERE `id` = 1 [ RunTime:0.1148s ]
INFO: [ view_parse ] --START--
INFO: [ template_filter ] --START--
INFO: Run Behavior\ContentReplaceBehavior [ RunTime:0.000110s ]
INFO: [ template_filter ] --END-- [ RunTime:0.000229s ]
INFO: Run Behavior\ParseTemplateBehavior [ RunTime:0.007603s ]
INFO: [ view_parse ] --END-- [ RunTime:0.007749s ]
INFO: [ view_filter ] --START--
INFO: Run Behavior\WriteHtmlCacheBehavior [ RunTime:0.001074s ]
INFO: Run Behavior\TokenBuildBehavior [ RunTime:0.000798s ]
INFO: [ view_filter ] --END-- [ RunTime:0.002138s ]
INFO: [ app_end ] --START--
INFO: Run Behavior\ShowPageTraceBehavior [ RunTime:0.000581s ]
INFO: [ app_end ] --END-- [ RunTime:0.000682s ]

[ 2017-09-12T19:53:34+08:00 ] 127.0.0.1 /Admin/User/index.html
INFO: [ app_init ] --START--
INFO: Run Behavior\BuildLiteBehavior [ RunTime:0.000028s ]
INFO: [ app_init ] --END-- [ RunTime:0.000594s ]
INFO: [ app_begin ] --START--
INFO: Run Behavior\ReadHtmlCacheBehavior [ RunTime:0.000713s ]
INFO: [ app_begin ] --END-- [ RunTime:0.000837s ]
NOTIC: [8] Undefined index: p D:\wamp64\www\y\App\Admin\Controller\UserController.class.php 第 10 行.
SQL: SHOW COLUMNS FROM `yd_agent` [ RunTime:0.0144s ]
SQL: SELECT * FROM `yd_agent` INNER JOIN yd_money ON yd_money.agent_id = yd_agent.id  LIMIT 0,20   [ RunTime:0.0338s ]
SQL: SELECT COUNT(*) AS tp_count FROM `yd_agent` INNER JOIN yd_money ON yd_money.agent_id = yd_agent.id  LIMIT 1   [ RunTime:0.0004s ]
SQL: SHOW COLUMNS FROM `yd_login_log` [ RunTime:0.0010s ]
SQL: SELECT `time` FROM `yd_login_log` WHERE `name` = 'user1' ORDER BY time desc LIMIT 1   [ RunTime:0.0266s ]
SQL: SELECT `time` FROM `yd_login_log` WHERE `name` = 'user2' ORDER BY time desc LIMIT 1   [ RunTime:0.0005s ]
SQL: SELECT `time` FROM `yd_login_log` WHERE `name` = 'user3' ORDER BY time desc LIMIT 1   [ RunTime:0.0004s ]
SQL: SELECT `time` FROM `yd_login_log` WHERE `name` = 'll' ORDER BY time desc LIMIT 1   [ RunTime:0.0004s ]
SQL: SELECT `time` FROM `yd_login_log` WHERE `name` = 'user' ORDER BY time desc LIMIT 1   [ RunTime:0.0004s ]
SQL: SELECT `time` FROM `yd_login_log` WHERE `name` = 'cs' ORDER BY time desc LIMIT 1   [ RunTime:0.0004s ]
SQL: SELECT `time` FROM `yd_login_log` WHERE `name` = 'wodedailishang' ORDER BY time desc LIMIT 1   [ RunTime:0.0004s ]
SQL: SELECT `time` FROM `yd_login_log` WHERE `name` = 'user_2' ORDER BY time desc LIMIT 1   [ RunTime:0.0003s ]
SQL: SELECT `time` FROM `yd_login_log` WHERE `name` = 'user_3' ORDER BY time desc LIMIT 1   [ RunTime:0.0003s ]
SQL: SELECT `time` FROM `yd_login_log` WHERE `name` = 'user_4' ORDER BY time desc LIMIT 1   [ RunTime:0.0003s ]
SQL: SELECT `time` FROM `yd_login_log` WHERE `name` = 'admin' ORDER BY time desc LIMIT 1   [ RunTime:0.0003s ]
SQL: SELECT `time` FROM `yd_login_log` WHERE `name` = 'user_2_1' ORDER BY time desc LIMIT 1   [ RunTime:0.0003s ]
SQL: SELECT `time` FROM `yd_login_log` WHERE `name` = 'user_2_2' ORDER BY time desc LIMIT 1   [ RunTime:0.0003s ]
INFO: [ view_parse ] --START--
INFO: [ template_filter ] --START--
INFO: Run Behavior\ContentReplaceBehavior [ RunTime:0.000159s ]
INFO: [ template_filter ] --END-- [ RunTime:0.000280s ]
NOTIC: [8] Use of undefined constant Index - assumed 'Index' D:\wamp64\www\y\App\Runtime\Cache\Admin\4295d5db477f3199c8db51638416159f.php 第 18 行.
NOTIC: [8] Use of undefined constant index - assumed 'index' D:\wamp64\www\y\App\Runtime\Cache\Admin\4295d5db477f3199c8db51638416159f.php 第 18 行.
NOTIC: [2] Division by zero D:\wamp64\www\y\App\Runtime\Cache\Admin\4295d5db477f3199c8db51638416159f.php 第 18 行.
INFO: Run Behavior\ParseTemplateBehavior [ RunTime:0.030725s ]
INFO: [ view_parse ] --END-- [ RunTime:0.030844s ]
INFO: [ view_filter ] --START--
INFO: Run Behavior\WriteHtmlCacheBehavior [ RunTime:0.000556s ]
INFO: Run Behavior\TokenBuildBehavior [ RunTime:0.001371s ]
INFO: [ view_filter ] --END-- [ RunTime:0.002065s ]
INFO: [ app_end ] --START--
INFO: Run Behavior\ShowPageTraceBehavior [ RunTime:0.000684s ]
INFO: [ app_end ] --END-- [ RunTime:0.000813s ]

[ 2017-09-12T19:56:47+08:00 ] 127.0.0.1 /Admin/User/index.html
INFO: [ app_init ] --START--
INFO: Run Behavior\BuildLiteBehavior [ RunTime:0.000021s ]
INFO: [ app_init ] --END-- [ RunTime:0.000487s ]
INFO: [ app_begin ] --START--
INFO: Run Behavior\ReadHtmlCacheBehavior [ RunTime:0.000546s ]
INFO: [ app_begin ] --END-- [ RunTime:0.000651s ]
NOTIC: [8] Undefined index: p D:\wamp64\www\y\App\Admin\Controller\UserController.class.php 第 10 行.
SQL: SHOW COLUMNS FROM `yd_agent` [ RunTime:0.0009s ]
SQL: SELECT * FROM `yd_agent` INNER JOIN yd_money ON yd_money.agent_id = yd_agent.id  LIMIT 0,20   [ RunTime:0.0008s ]
SQL: SELECT COUNT(*) AS tp_count FROM `yd_agent` INNER JOIN yd_money ON yd_money.agent_id = yd_agent.id  LIMIT 1   [ RunTime:0.0007s ]
SQL: SHOW COLUMNS FROM `yd_login_log` [ RunTime:0.0009s ]
SQL: SELECT `time` FROM `yd_login_log` WHERE `name` = 'user1' ORDER BY time desc LIMIT 1   [ RunTime:0.0004s ]
SQL: SELECT `time` FROM `yd_login_log` WHERE `name` = 'user2' ORDER BY time desc LIMIT 1   [ RunTime:0.0003s ]
SQL: SELECT `time` FROM `yd_login_log` WHERE `name` = 'user3' ORDER BY time desc LIMIT 1   [ RunTime:0.0003s ]
SQL: SELECT `time` FROM `yd_login_log` WHERE `name` = 'll' ORDER BY time desc LIMIT 1   [ RunTime:0.0003s ]
SQL: SELECT `time` FROM `yd_login_log` WHERE `name` = 'user' ORDER BY time desc LIMIT 1   [ RunTime:0.0003s ]
SQL: SELECT `time` FROM `yd_login_log` WHERE `name` = 'cs' ORDER BY time desc LIMIT 1   [ RunTime:0.0003s ]
SQL: SELECT `time` FROM `yd_login_log` WHERE `name` = 'wodedailishang' ORDER BY time desc LIMIT 1   [ RunTime:0.0003s ]
SQL: SELECT `time` FROM `yd_login_log` WHERE `name` = 'user_2' ORDER BY time desc LIMIT 1   [ RunTime:0.0003s ]
SQL: SELECT `time` FROM `yd_login_log` WHERE `name` = 'user_3' ORDER BY time desc LIMIT 1   [ RunTime:0.0003s ]
SQL: SELECT `time` FROM `yd_login_log` WHERE `name` = 'user_4' ORDER BY time desc LIMIT 1   [ RunTime:0.0003s ]
SQL: SELECT `time` FROM `yd_login_log` WHERE `name` = 'admin' ORDER BY time desc LIMIT 1   [ RunTime:0.0003s ]
SQL: SELECT `time` FROM `yd_login_log` WHERE `name` = 'user_2_1' ORDER BY time desc LIMIT 1   [ RunTime:0.0003s ]
SQL: SELECT `time` FROM `yd_login_log` WHERE `name` = 'user_2_2' ORDER BY time desc LIMIT 1   [ RunTime:0.0010s ]
INFO: [ view_parse ] --START--
INFO: [ template_filter ] --START--
INFO: Run Behavior\ContentReplaceBehavior [ RunTime:0.000176s ]
INFO: [ template_filter ] --END-- [ RunTime:0.000271s ]
NOTIC: [8] Use of undefined constant Index - assumed 'Index' D:\wamp64\www\y\App\Runtime\Cache\Admin\4295d5db477f3199c8db51638416159f.php 第 18 行.
NOTIC: [8] Use of undefined constant index - assumed 'index' D:\wamp64\www\y\App\Runtime\Cache\Admin\4295d5db477f3199c8db51638416159f.php 第 18 行.
NOTIC: [2] Division by zero D:\wamp64\www\y\App\Runtime\Cache\Admin\4295d5db477f3199c8db51638416159f.php 第 18 行.
INFO: Run Behavior\ParseTemplateBehavior [ RunTime:0.032011s ]
INFO: [ view_parse ] --END-- [ RunTime:0.032154s ]
INFO: [ view_filter ] --START--
INFO: Run Behavior\WriteHtmlCacheBehavior [ RunTime:0.000670s ]
INFO: Run Behavior\TokenBuildBehavior [ RunTime:0.002025s ]
INFO: [ view_filter ] --END-- [ RunTime:0.002951s ]
INFO: [ app_end ] --START--
INFO: Run Behavior\ShowPageTraceBehavior [ RunTime:0.000973s ]
INFO: [ app_end ] --END-- [ RunTime:0.001153s ]

[ 2017-09-12T19:56:48+08:00 ] 127.0.0.1 /Admin/User/add.html
INFO: [ app_init ] --START--
INFO: Run Behavior\BuildLiteBehavior [ RunTime:0.000023s ]
INFO: [ app_init ] --END-- [ RunTime:0.000482s ]
INFO: [ app_begin ] --START--
INFO: Run Behavior\ReadHtmlCacheBehavior [ RunTime:0.000668s ]
INFO: [ app_begin ] --END-- [ RunTime:0.000811s ]
INFO: [ view_parse ] --START--
INFO: [ template_filter ] --START--
INFO: Run Behavior\ContentReplaceBehavior [ RunTime:0.000118s ]
INFO: [ template_filter ] --END-- [ RunTime:0.000221s ]
NOTIC: [8] Use of undefined constant Index - assumed 'Index' D:\wamp64\www\y\App\Runtime\Cache\Admin\e73738ff4d5c5edbc5ce9fe992378241.php 第 18 行.
NOTIC: [8] Use of undefined constant index - assumed 'index' D:\wamp64\www\y\App\Runtime\Cache\Admin\e73738ff4d5c5edbc5ce9fe992378241.php 第 18 行.
NOTIC: [2] Division by zero D:\wamp64\www\y\App\Runtime\Cache\Admin\e73738ff4d5c5edbc5ce9fe992378241.php 第 18 行.
INFO: Run Behavior\ParseTemplateBehavior [ RunTime:0.040689s ]
INFO: [ view_parse ] --END-- [ RunTime:0.040910s ]
INFO: [ view_filter ] --START--
INFO: Run Behavior\WriteHtmlCacheBehavior [ RunTime:0.000917s ]
INFO: Run Behavior\TokenBuildBehavior [ RunTime:0.000815s ]
INFO: [ view_filter ] --END-- [ RunTime:0.001962s ]
INFO: [ app_end ] --START--
INFO: Run Behavior\ShowPageTraceBehavior [ RunTime:0.000721s ]
INFO: [ app_end ] --END-- [ RunTime:0.000827s ]

[ 2017-09-12T19:57:00+08:00 ] 127.0.0.1 /Admin/User/add.html
INFO: [ app_init ] --START--
INFO: Run Behavior\BuildLiteBehavior [ RunTime:0.000040s ]
INFO: [ app_init ] --END-- [ RunTime:0.000784s ]
INFO: [ app_begin ] --START--
INFO: Run Behavior\ReadHtmlCacheBehavior [ RunTime:0.001198s ]
INFO: [ app_begin ] --END-- [ RunTime:0.001419s ]
SQL: SHOW COLUMNS FROM `yd_agent` [ RunTime:0.0010s ]
SQL: SELECT * FROM `yd_agent` WHERE `username` = 'zhoufei' LIMIT 1   [ RunTime:0.0193s ]
SQL: SHOW TABLE STATUS [ RunTime:0.0777s ]
SQL: INSERT INTO `yd_agent` (`username`,`password`,`secret`,`addtime`,`level`,`path`) VALUES ('zhoufei','9yyweyhIFBdKvjE/vo+THszohveXlGsK8DqCDZgysO0=','22085326045219917280367214936468','1505217420','1','0_25') [ RunTime:0.0181s ]
SQL: SHOW COLUMNS FROM `yd_money` [ RunTime:0.0543s ]
SQL: INSERT INTO `yd_money` (`agent_id`) VALUES ('25') [ RunTime:0.0003s ]
SQL: SHOW COLUMNS FROM `yd_agent_config` [ RunTime:0.0006s ]
SQL: INSERT INTO `yd_agent_config` (`name`,`agent_id`) VALUES ('zhoufei的店铺','25') [ RunTime:0.0004s ]
INFO: [ view_parse ] --START--
INFO: [ template_filter ] --START--
INFO: Run Behavior\ContentReplaceBehavior [ RunTime:0.000086s ]
INFO: [ template_filter ] --END-- [ RunTime:0.000218s ]
INFO: Run Behavior\ParseTemplateBehavior [ RunTime:0.007612s ]
INFO: [ view_parse ] --END-- [ RunTime:0.007747s ]
INFO: [ view_filter ] --START--
INFO: Run Behavior\WriteHtmlCacheBehavior [ RunTime:0.000538s ]
INFO: Run Behavior\TokenBuildBehavior [ RunTime:0.000633s ]
INFO: [ view_filter ] --END-- [ RunTime:0.001363s ]
INFO: [ app_end ] --START--
INFO: Run Behavior\ShowPageTraceBehavior [ RunTime:0.000655s ]
INFO: [ app_end ] --END-- [ RunTime:0.000776s ]

[ 2017-09-12T19:57:01+08:00 ] 127.0.0.1 /Admin/User/add.html
INFO: [ app_init ] --START--
INFO: Run Behavior\BuildLiteBehavior [ RunTime:0.000045s ]
INFO: [ app_init ] --END-- [ RunTime:0.000764s ]
INFO: [ app_begin ] --START--
INFO: Run Behavior\ReadHtmlCacheBehavior [ RunTime:0.002828s ]
INFO: [ app_begin ] --END-- [ RunTime:0.003370s ]
INFO: [ view_parse ] --START--
INFO: [ template_filter ] --START--
INFO: Run Behavior\ContentReplaceBehavior [ RunTime:0.000134s ]
INFO: [ template_filter ] --END-- [ RunTime:0.000286s ]
NOTIC: [8] Use of undefined constant Index - assumed 'Index' D:\wamp64\www\y\App\Runtime\Cache\Admin\e73738ff4d5c5edbc5ce9fe992378241.php 第 18 行.
NOTIC: [8] Use of undefined constant index - assumed 'index' D:\wamp64\www\y\App\Runtime\Cache\Admin\e73738ff4d5c5edbc5ce9fe992378241.php 第 18 行.
NOTIC: [2] Division by zero D:\wamp64\www\y\App\Runtime\Cache\Admin\e73738ff4d5c5edbc5ce9fe992378241.php 第 18 行.
INFO: Run Behavior\ParseTemplateBehavior [ RunTime:0.014152s ]
INFO: [ view_parse ] --END-- [ RunTime:0.014270s ]
INFO: [ view_filter ] --START--
INFO: Run Behavior\WriteHtmlCacheBehavior [ RunTime:0.000512s ]
INFO: Run Behavior\TokenBuildBehavior [ RunTime:0.000776s ]
INFO: [ view_filter ] --END-- [ RunTime:0.001452s ]
INFO: [ app_end ] --START--
INFO: Run Behavior\ShowPageTraceBehavior [ RunTime:0.000608s ]
INFO: [ app_end ] --END-- [ RunTime:0.000755s ]

[ 2017-09-12T19:57:04+08:00 ] 127.0.0.1 /Admin/User/index.html
INFO: [ app_init ] --START--
INFO: Run Behavior\BuildLiteBehavior [ RunTime:0.000024s ]
INFO: [ app_init ] --END-- [ RunTime:0.000542s ]
INFO: [ app_begin ] --START--
INFO: Run Behavior\ReadHtmlCacheBehavior [ RunTime:0.000989s ]
INFO: [ app_begin ] --END-- [ RunTime:0.001242s ]
NOTIC: [8] Undefined index: p D:\wamp64\www\y\App\Admin\Controller\UserController.class.php 第 10 行.
SQL: SHOW COLUMNS FROM `yd_agent` [ RunTime:0.0005s ]
SQL: SELECT * FROM `yd_agent` INNER JOIN yd_money ON yd_money.agent_id = yd_agent.id  LIMIT 0,20   [ RunTime:0.0004s ]
SQL: SELECT COUNT(*) AS tp_count FROM `yd_agent` INNER JOIN yd_money ON yd_money.agent_id = yd_agent.id  LIMIT 1   [ RunTime:0.0003s ]
SQL: SHOW COLUMNS FROM `yd_login_log` [ RunTime:0.0006s ]
SQL: SELECT `time` FROM `yd_login_log` WHERE `name` = 'user1' ORDER BY time desc LIMIT 1   [ RunTime:0.0005s ]
SQL: SELECT `time` FROM `yd_login_log` WHERE `name` = 'user2' ORDER BY time desc LIMIT 1   [ RunTime:0.0002s ]
SQL: SELECT `time` FROM `yd_login_log` WHERE `name` = 'user3' ORDER BY time desc LIMIT 1   [ RunTime:0.0002s ]
SQL: SELECT `time` FROM `yd_login_log` WHERE `name` = 'll' ORDER BY time desc LIMIT 1   [ RunTime:0.0002s ]
SQL: SELECT `time` FROM `yd_login_log` WHERE `name` = 'user' ORDER BY time desc LIMIT 1   [ RunTime:0.0002s ]
SQL: SELECT `time` FROM `yd_login_log` WHERE `name` = 'cs' ORDER BY time desc LIMIT 1   [ RunTime:0.0002s ]
SQL: SELECT `time` FROM `yd_login_log` WHERE `name` = 'wodedailishang' ORDER BY time desc LIMIT 1   [ RunTime:0.0002s ]
SQL: SELECT `time` FROM `yd_login_log` WHERE `name` = 'user_2' ORDER BY time desc LIMIT 1   [ RunTime:0.0002s ]
SQL: SELECT `time` FROM `yd_login_log` WHERE `name` = 'user_3' ORDER BY time desc LIMIT 1   [ RunTime:0.0002s ]
SQL: SELECT `time` FROM `yd_login_log` WHERE `name` = 'user_4' ORDER BY time desc LIMIT 1   [ RunTime:0.0002s ]
SQL: SELECT `time` FROM `yd_login_log` WHERE `name` = 'admin' ORDER BY time desc LIMIT 1   [ RunTime:0.0006s ]
SQL: SELECT `time` FROM `yd_login_log` WHERE `name` = 'user_2_1' ORDER BY time desc LIMIT 1   [ RunTime:0.0005s ]
SQL: SELECT `time` FROM `yd_login_log` WHERE `name` = 'user_2_2' ORDER BY time desc LIMIT 1   [ RunTime:0.0005s ]
SQL: SELECT `time` FROM `yd_login_log` WHERE `name` = 'zhoufei' ORDER BY time desc LIMIT 1   [ RunTime:0.0007s ]
INFO: [ view_parse ] --START--
INFO: [ template_filter ] --START--
INFO: Run Behavior\ContentReplaceBehavior [ RunTime:0.000115s ]
INFO: [ template_filter ] --END-- [ RunTime:0.000276s ]
NOTIC: [8] Use of undefined constant Index - assumed 'Index' D:\wamp64\www\y\App\Runtime\Cache\Admin\4295d5db477f3199c8db51638416159f.php 第 18 行.
NOTIC: [8] Use of undefined constant index - assumed 'index' D:\wamp64\www\y\App\Runtime\Cache\Admin\4295d5db477f3199c8db51638416159f.php 第 18 行.
NOTIC: [2] Division by zero D:\wamp64\www\y\App\Runtime\Cache\Admin\4295d5db477f3199c8db51638416159f.php 第 18 行.
INFO: Run Behavior\ParseTemplateBehavior [ RunTime:0.031680s ]
INFO: [ view_parse ] --END-- [ RunTime:0.031862s ]
INFO: [ view_filter ] --START--
INFO: Run Behavior\WriteHtmlCacheBehavior [ RunTime:0.000764s ]
INFO: Run Behavior\TokenBuildBehavior [ RunTime:0.001423s ]
INFO: [ view_filter ] --END-- [ RunTime:0.002352s ]
INFO: [ app_end ] --START--
INFO: Run Behavior\ShowPageTraceBehavior [ RunTime:0.000537s ]
INFO: [ app_end ] --END-- [ RunTime:0.000631s ]

[ 2017-09-12T19:57:06+08:00 ] 127.0.0.1 /Admin/User/update/id/25.html
INFO: [ app_init ] --START--
INFO: Run Behavior\BuildLiteBehavior [ RunTime:0.000026s ]
INFO: [ app_init ] --END-- [ RunTime:0.000531s ]
INFO: [ app_begin ] --START--
INFO: Run Behavior\ReadHtmlCacheBehavior [ RunTime:0.000649s ]
INFO: [ app_begin ] --END-- [ RunTime:0.000764s ]
SQL: SHOW COLUMNS FROM `yd_agent` [ RunTime:0.0015s ]
SQL: SELECT * FROM `yd_agent` INNER JOIN yd_money ON yd_money.agent_id = yd_agent.id  WHERE ( yd_agent.id =25 ) LIMIT 1   [ RunTime:0.0007s ]
INFO: [ view_parse ] --START--
INFO: [ template_filter ] --START--
INFO: Run Behavior\ContentReplaceBehavior [ RunTime:0.000096s ]
INFO: [ template_filter ] --END-- [ RunTime:0.000187s ]
NOTIC: [8] Use of undefined constant Index - assumed 'Index' D:\wamp64\www\y\App\Runtime\Cache\Admin\159af707b9d1a4b2a1e56d09c968d8df.php 第 18 行.
NOTIC: [8] Use of undefined constant index - assumed 'index' D:\wamp64\www\y\App\Runtime\Cache\Admin\159af707b9d1a4b2a1e56d09c968d8df.php 第 18 行.
NOTIC: [2] Division by zero D:\wamp64\www\y\App\Runtime\Cache\Admin\159af707b9d1a4b2a1e56d09c968d8df.php 第 18 行.
INFO: Run Behavior\ParseTemplateBehavior [ RunTime:0.034769s ]
INFO: [ view_parse ] --END-- [ RunTime:0.034962s ]
INFO: [ view_filter ] --START--
INFO: Run Behavior\WriteHtmlCacheBehavior [ RunTime:0.000877s ]
INFO: Run Behavior\TokenBuildBehavior [ RunTime:0.000749s ]
INFO: [ view_filter ] --END-- [ RunTime:0.001820s ]
INFO: [ app_end ] --START--
INFO: Run Behavior\ShowPageTraceBehavior [ RunTime:0.000869s ]
INFO: [ app_end ] --END-- [ RunTime:0.000997s ]

[ 2017-09-12T19:57:13+08:00 ] 127.0.0.1 /Admin/User/index.html
INFO: [ app_init ] --START--
INFO: Run Behavior\BuildLiteBehavior [ RunTime:0.000029s ]
INFO: [ app_init ] --END-- [ RunTime:0.000524s ]
INFO: [ app_begin ] --START--
INFO: Run Behavior\ReadHtmlCacheBehavior [ RunTime:0.000597s ]
INFO: [ app_begin ] --END-- [ RunTime:0.000716s ]
NOTIC: [8] Undefined index: p D:\wamp64\www\y\App\Admin\Controller\UserController.class.php 第 10 行.
SQL: SHOW COLUMNS FROM `yd_agent` [ RunTime:0.0026s ]
SQL: SELECT * FROM `yd_agent` INNER JOIN yd_money ON yd_money.agent_id = yd_agent.id  LIMIT 0,20   [ RunTime:0.0010s ]
SQL: SELECT COUNT(*) AS tp_count FROM `yd_agent` INNER JOIN yd_money ON yd_money.agent_id = yd_agent.id  LIMIT 1   [ RunTime:0.0019s ]
SQL: SHOW COLUMNS FROM `yd_login_log` [ RunTime:0.0007s ]
SQL: SELECT `time` FROM `yd_login_log` WHERE `name` = 'user1' ORDER BY time desc LIMIT 1   [ RunTime:0.0004s ]
SQL: SELECT `time` FROM `yd_login_log` WHERE `name` = 'user2' ORDER BY time desc LIMIT 1   [ RunTime:0.0004s ]
SQL: SELECT `time` FROM `yd_login_log` WHERE `name` = 'user3' ORDER BY time desc LIMIT 1   [ RunTime:0.0003s ]
SQL: SELECT `time` FROM `yd_login_log` WHERE `name` = 'll' ORDER BY time desc LIMIT 1   [ RunTime:0.0004s ]
SQL: SELECT `time` FROM `yd_login_log` WHERE `name` = 'user' ORDER BY time desc LIMIT 1   [ RunTime:0.0005s ]
SQL: SELECT `time` FROM `yd_login_log` WHERE `name` = 'cs' ORDER BY time desc LIMIT 1   [ RunTime:0.0004s ]
SQL: SELECT `time` FROM `yd_login_log` WHERE `name` = 'wodedailishang' ORDER BY time desc LIMIT 1   [ RunTime:0.0003s ]
SQL: SELECT `time` FROM `yd_login_log` WHERE `name` = 'user_2' ORDER BY time desc LIMIT 1   [ RunTime:0.0003s ]
SQL: SELECT `time` FROM `yd_login_log` WHERE `name` = 'user_3' ORDER BY time desc LIMIT 1   [ RunTime:0.0004s ]
SQL: SELECT `time` FROM `yd_login_log` WHERE `name` = 'user_4' ORDER BY time desc LIMIT 1   [ RunTime:0.0005s ]
SQL: SELECT `time` FROM `yd_login_log` WHERE `name` = 'admin' ORDER BY time desc LIMIT 1   [ RunTime:0.0011s ]
SQL: SELECT `time` FROM `yd_login_log` WHERE `name` = 'user_2_1' ORDER BY time desc LIMIT 1   [ RunTime:0.0007s ]
SQL: SELECT `time` FROM `yd_login_log` WHERE `name` = 'user_2_2' ORDER BY time desc LIMIT 1   [ RunTime:0.0004s ]
SQL: SELECT `time` FROM `yd_login_log` WHERE `name` = 'zhoufei' ORDER BY time desc LIMIT 1   [ RunTime:0.0004s ]
INFO: [ view_parse ] --START--
INFO: [ template_filter ] --START--
INFO: Run Behavior\ContentReplaceBehavior [ RunTime:0.000115s ]
INFO: [ template_filter ] --END-- [ RunTime:0.000241s ]
NOTIC: [8] Use of undefined constant Index - assumed 'Index' D:\wamp64\www\y\App\Runtime\Cache\Admin\4295d5db477f3199c8db51638416159f.php 第 18 行.
NOTIC: [8] Use of undefined constant index - assumed 'index' D:\wamp64\www\y\App\Runtime\Cache\Admin\4295d5db477f3199c8db51638416159f.php 第 18 行.
NOTIC: [2] Division by zero D:\wamp64\www\y\App\Runtime\Cache\Admin\4295d5db477f3199c8db51638416159f.php 第 18 行.
INFO: Run Behavior\ParseTemplateBehavior [ RunTime:0.035685s ]
INFO: [ view_parse ] --END-- [ RunTime:0.035789s ]
INFO: [ view_filter ] --START--
INFO: Run Behavior\WriteHtmlCacheBehavior [ RunTime:0.000777s ]
INFO: Run Behavior\TokenBuildBehavior [ RunTime:0.002486s ]
INFO: [ view_filter ] --END-- [ RunTime:0.003614s ]
INFO: [ app_end ] --START--
INFO: Run Behavior\ShowPageTraceBehavior [ RunTime:0.000813s ]
INFO: [ app_end ] --END-- [ RunTime:0.000932s ]

[ 2017-09-12T19:57:26+08:00 ] 127.0.0.1 /Admin/User/update/id/25.html
INFO: [ app_init ] --START--
INFO: Run Behavior\BuildLiteBehavior [ RunTime:0.000044s ]
INFO: [ app_init ] --END-- [ RunTime:0.000666s ]
INFO: [ app_begin ] --START--
INFO: Run Behavior\ReadHtmlCacheBehavior [ RunTime:0.000993s ]
INFO: [ app_begin ] --END-- [ RunTime:0.001258s ]
SQL: SHOW COLUMNS FROM `yd_agent` [ RunTime:0.0007s ]
SQL: SELECT * FROM `yd_agent` INNER JOIN yd_money ON yd_money.agent_id = yd_agent.id  WHERE ( yd_agent.id =25 ) LIMIT 1   [ RunTime:0.0006s ]
INFO: [ view_parse ] --START--
INFO: [ template_filter ] --START--
INFO: Run Behavior\ContentReplaceBehavior [ RunTime:0.000108s ]
INFO: [ template_filter ] --END-- [ RunTime:0.000209s ]
NOTIC: [8] Use of undefined constant Index - assumed 'Index' D:\wamp64\www\y\App\Runtime\Cache\Admin\159af707b9d1a4b2a1e56d09c968d8df.php 第 18 行.
NOTIC: [8] Use of undefined constant index - assumed 'index' D:\wamp64\www\y\App\Runtime\Cache\Admin\159af707b9d1a4b2a1e56d09c968d8df.php 第 18 行.
NOTIC: [2] Division by zero D:\wamp64\www\y\App\Runtime\Cache\Admin\159af707b9d1a4b2a1e56d09c968d8df.php 第 18 行.
INFO: Run Behavior\ParseTemplateBehavior [ RunTime:0.010470s ]
INFO: [ view_parse ] --END-- [ RunTime:0.010571s ]
INFO: [ view_filter ] --START--
INFO: Run Behavior\WriteHtmlCacheBehavior [ RunTime:0.000497s ]
INFO: Run Behavior\TokenBuildBehavior [ RunTime:0.000748s ]
INFO: [ view_filter ] --END-- [ RunTime:0.001389s ]
INFO: [ app_end ] --START--
INFO: Run Behavior\ShowPageTraceBehavior [ RunTime:0.001279s ]
INFO: [ app_end ] --END-- [ RunTime:0.001453s ]

[ 2017-09-12T19:57:37+08:00 ] 127.0.0.1 /Admin/User/index.html
INFO: [ app_init ] --START--
INFO: Run Behavior\BuildLiteBehavior [ RunTime:0.000025s ]
INFO: [ app_init ] --END-- [ RunTime:0.000527s ]
INFO: [ app_begin ] --START--
INFO: Run Behavior\ReadHtmlCacheBehavior [ RunTime:0.000597s ]
INFO: [ app_begin ] --END-- [ RunTime:0.000708s ]
NOTIC: [8] Undefined index: p D:\wamp64\www\y\App\Admin\Controller\UserController.class.php 第 10 行.
SQL: SHOW COLUMNS FROM `yd_agent` [ RunTime:0.0010s ]
SQL: SELECT * FROM `yd_agent` INNER JOIN yd_money ON yd_money.agent_id = yd_agent.id  LIMIT 0,20   [ RunTime:0.0027s ]
SQL: SELECT COUNT(*) AS tp_count FROM `yd_agent` INNER JOIN yd_money ON yd_money.agent_id = yd_agent.id  LIMIT 1   [ RunTime:0.0004s ]
SQL: SHOW COLUMNS FROM `yd_login_log` [ RunTime:0.0006s ]
SQL: SELECT `time` FROM `yd_login_log` WHERE `name` = 'user1' ORDER BY time desc LIMIT 1   [ RunTime:0.0004s ]
SQL: SELECT `time` FROM `yd_login_log` WHERE `name` = 'user2' ORDER BY time desc LIMIT 1   [ RunTime:0.0003s ]
SQL: SELECT `time` FROM `yd_login_log` WHERE `name` = 'user3' ORDER BY time desc LIMIT 1   [ RunTime:0.0003s ]
SQL: SELECT `time` FROM `yd_login_log` WHERE `name` = 'll' ORDER BY time desc LIMIT 1   [ RunTime:0.0005s ]
SQL: SELECT `time` FROM `yd_login_log` WHERE `name` = 'user' ORDER BY time desc LIMIT 1   [ RunTime:0.0004s ]
SQL: SELECT `time` FROM `yd_login_log` WHERE `name` = 'cs' ORDER BY time desc LIMIT 1   [ RunTime:0.0004s ]
SQL: SELECT `time` FROM `yd_login_log` WHERE `name` = 'wodedailishang' ORDER BY time desc LIMIT 1   [ RunTime:0.0003s ]
SQL: SELECT `time` FROM `yd_login_log` WHERE `name` = 'user_2' ORDER BY time desc LIMIT 1   [ RunTime:0.0003s ]
SQL: SELECT `time` FROM `yd_login_log` WHERE `name` = 'user_3' ORDER BY time desc LIMIT 1   [ RunTime:0.0003s ]
SQL: SELECT `time` FROM `yd_login_log` WHERE `name` = 'user_4' ORDER BY time desc LIMIT 1   [ RunTime:0.0018s ]
SQL: SELECT `time` FROM `yd_login_log` WHERE `name` = 'admin' ORDER BY time desc LIMIT 1   [ RunTime:0.0006s ]
SQL: SELECT `time` FROM `yd_login_log` WHERE `name` = 'user_2_1' ORDER BY time desc LIMIT 1   [ RunTime:0.0003s ]
SQL: SELECT `time` FROM `yd_login_log` WHERE `name` = 'user_2_2' ORDER BY time desc LIMIT 1   [ RunTime:0.0003s ]
SQL: SELECT `time` FROM `yd_login_log` WHERE `name` = 'zhoufei' ORDER BY time desc LIMIT 1   [ RunTime:0.0004s ]
INFO: [ view_parse ] --START--
INFO: [ template_filter ] --START--
INFO: Run Behavior\ContentReplaceBehavior [ RunTime:0.000114s ]
INFO: [ template_filter ] --END-- [ RunTime:0.000204s ]
NOTIC: [8] Use of undefined constant Index - assumed 'Index' D:\wamp64\www\y\App\Runtime\Cache\Admin\4295d5db477f3199c8db51638416159f.php 第 18 行.
NOTIC: [8] Use of undefined constant index - assumed 'index' D:\wamp64\www\y\App\Runtime\Cache\Admin\4295d5db477f3199c8db51638416159f.php 第 18 行.
NOTIC: [2] Division by zero D:\wamp64\www\y\App\Runtime\Cache\Admin\4295d5db477f3199c8db51638416159f.php 第 18 行.
INFO: Run Behavior\ParseTemplateBehavior [ RunTime:0.032092s ]
INFO: [ view_parse ] --END-- [ RunTime:0.032195s ]
INFO: [ view_filter ] --START--
INFO: Run Behavior\WriteHtmlCacheBehavior [ RunTime:0.000801s ]
INFO: Run Behavior\TokenBuildBehavior [ RunTime:0.001839s ]
INFO: [ view_filter ] --END-- [ RunTime:0.002798s ]
INFO: [ app_end ] --START--
INFO: Run Behavior\ShowPageTraceBehavior [ RunTime:0.000803s ]
INFO: [ app_end ] --END-- [ RunTime:0.000922s ]

[ 2017-09-12T19:57:45+08:00 ] 127.0.0.1 /Admin/User/status/agent_id/25/status/0.html
INFO: [ app_init ] --START--
INFO: Run Behavior\BuildLiteBehavior [ RunTime:0.000024s ]
INFO: [ app_init ] --END-- [ RunTime:0.000598s ]
INFO: [ app_begin ] --START--
INFO: Run Behavior\ReadHtmlCacheBehavior [ RunTime:0.002051s ]
INFO: [ app_begin ] --END-- [ RunTime:0.002398s ]
SQL: SHOW COLUMNS FROM `yd_agent` [ RunTime:0.0005s ]
SQL: UPDATE `yd_agent` SET `status`='1' WHERE `id` = 25 [ RunTime:0.0368s ]
INFO: [ app_end ] --START--
INFO: Run Behavior\ShowPageTraceBehavior [ RunTime:0.000717s ]
INFO: [ app_end ] --END-- [ RunTime:0.000808s ]

[ 2017-09-12T19:57:45+08:00 ] 127.0.0.1 /Admin/User/index.html
INFO: [ app_init ] --START--
INFO: Run Behavior\BuildLiteBehavior [ RunTime:0.000021s ]
INFO: [ app_init ] --END-- [ RunTime:0.000549s ]
INFO: [ app_begin ] --START--
INFO: Run Behavior\ReadHtmlCacheBehavior [ RunTime:0.000713s ]
INFO: [ app_begin ] --END-- [ RunTime:0.000817s ]
NOTIC: [8] Undefined index: p D:\wamp64\www\y\App\Admin\Controller\UserController.class.php 第 10 行.
SQL: SHOW COLUMNS FROM `yd_agent` [ RunTime:0.0006s ]
SQL: SELECT * FROM `yd_agent` INNER JOIN yd_money ON yd_money.agent_id = yd_agent.id  LIMIT 0,20   [ RunTime:0.0005s ]
SQL: SELECT COUNT(*) AS tp_count FROM `yd_agent` INNER JOIN yd_money ON yd_money.agent_id = yd_agent.id  LIMIT 1   [ RunTime:0.0003s ]
SQL: SHOW COLUMNS FROM `yd_login_log` [ RunTime:0.0006s ]
SQL: SELECT `time` FROM `yd_login_log` WHERE `name` = 'user1' ORDER BY time desc LIMIT 1   [ RunTime:0.0005s ]
SQL: SELECT `time` FROM `yd_login_log` WHERE `name` = 'user2' ORDER BY time desc LIMIT 1   [ RunTime:0.0004s ]
SQL: SELECT `time` FROM `yd_login_log` WHERE `name` = 'user3' ORDER BY time desc LIMIT 1   [ RunTime:0.0003s ]
SQL: SELECT `time` FROM `yd_login_log` WHERE `name` = 'll' ORDER BY time desc LIMIT 1   [ RunTime:0.0003s ]
SQL: SELECT `time` FROM `yd_login_log` WHERE `name` = 'user' ORDER BY time desc LIMIT 1   [ RunTime:0.0003s ]
SQL: SELECT `time` FROM `yd_login_log` WHERE `name` = 'cs' ORDER BY time desc LIMIT 1   [ RunTime:0.0003s ]
SQL: SELECT `time` FROM `yd_login_log` WHERE `name` = 'wodedailishang' ORDER BY time desc LIMIT 1   [ RunTime:0.0006s ]
SQL: SELECT `time` FROM `yd_login_log` WHERE `name` = 'user_2' ORDER BY time desc LIMIT 1   [ RunTime:0.0003s ]
SQL: SELECT `time` FROM `yd_login_log` WHERE `name` = 'user_3' ORDER BY time desc LIMIT 1   [ RunTime:0.0003s ]
SQL: SELECT `time` FROM `yd_login_log` WHERE `name` = 'user_4' ORDER BY time desc LIMIT 1   [ RunTime:0.0006s ]
SQL: SELECT `time` FROM `yd_login_log` WHERE `name` = 'admin' ORDER BY time desc LIMIT 1   [ RunTime:0.0006s ]
SQL: SELECT `time` FROM `yd_login_log` WHERE `name` = 'user_2_1' ORDER BY time desc LIMIT 1   [ RunTime:0.0006s ]
SQL: SELECT `time` FROM `yd_login_log` WHERE `name` = 'user_2_2' ORDER BY time desc LIMIT 1   [ RunTime:0.0008s ]
SQL: SELECT `time` FROM `yd_login_log` WHERE `name` = 'zhoufei' ORDER BY time desc LIMIT 1   [ RunTime:0.0006s ]
INFO: [ view_parse ] --START--
INFO: [ template_filter ] --START--
INFO: Run Behavior\ContentReplaceBehavior [ RunTime:0.000114s ]
INFO: [ template_filter ] --END-- [ RunTime:0.000244s ]
NOTIC: [8] Use of undefined constant Index - assumed 'Index' D:\wamp64\www\y\App\Runtime\Cache\Admin\4295d5db477f3199c8db51638416159f.php 第 18 行.
NOTIC: [8] Use of undefined constant index - assumed 'index' D:\wamp64\www\y\App\Runtime\Cache\Admin\4295d5db477f3199c8db51638416159f.php 第 18 行.
NOTIC: [2] Division by zero D:\wamp64\www\y\App\Runtime\Cache\Admin\4295d5db477f3199c8db51638416159f.php 第 18 行.
INFO: Run Behavior\ParseTemplateBehavior [ RunTime:0.035024s ]
INFO: [ view_parse ] --END-- [ RunTime:0.035528s ]
INFO: [ view_filter ] --START--
INFO: Run Behavior\WriteHtmlCacheBehavior [ RunTime:0.000652s ]
INFO: Run Behavior\TokenBuildBehavior [ RunTime:0.001447s ]
INFO: [ view_filter ] --END-- [ RunTime:0.002256s ]
INFO: [ app_end ] --START--
INFO: Run Behavior\ShowPageTraceBehavior [ RunTime:0.000607s ]
INFO: [ app_end ] --END-- [ RunTime:0.000721s ]

[ 2017-09-12T19:58:29+08:00 ] 127.0.0.1 /Admin/User/update/id/25.html
INFO: [ app_init ] --START--
INFO: Run Behavior\BuildLiteBehavior [ RunTime:0.000022s ]
INFO: [ app_init ] --END-- [ RunTime:0.000563s ]
INFO: [ app_begin ] --START--
INFO: Run Behavior\ReadHtmlCacheBehavior [ RunTime:0.000577s ]
INFO: [ app_begin ] --END-- [ RunTime:0.000677s ]
SQL: SHOW COLUMNS FROM `yd_agent` [ RunTime:0.0006s ]
SQL: SELECT * FROM `yd_agent` INNER JOIN yd_money ON yd_money.agent_id = yd_agent.id  WHERE ( yd_agent.id =25 ) LIMIT 1   [ RunTime:0.0692s ]
INFO: [ view_parse ] --START--
INFO: [ template_filter ] --START--
INFO: Run Behavior\ContentReplaceBehavior [ RunTime:0.000102s ]
INFO: [ template_filter ] --END-- [ RunTime:0.000197s ]
NOTIC: [8] Use of undefined constant Index - assumed 'Index' D:\wamp64\www\y\App\Runtime\Cache\Admin\159af707b9d1a4b2a1e56d09c968d8df.php 第 18 行.
NOTIC: [8] Use of undefined constant index - assumed 'index' D:\wamp64\www\y\App\Runtime\Cache\Admin\159af707b9d1a4b2a1e56d09c968d8df.php 第 18 行.
NOTIC: [2] Division by zero D:\wamp64\www\y\App\Runtime\Cache\Admin\159af707b9d1a4b2a1e56d09c968d8df.php 第 18 行.
INFO: Run Behavior\ParseTemplateBehavior [ RunTime:0.012695s ]
INFO: [ view_parse ] --END-- [ RunTime:0.012872s ]
INFO: [ view_filter ] --START--
INFO: Run Behavior\WriteHtmlCacheBehavior [ RunTime:0.000661s ]
INFO: Run Behavior\TokenBuildBehavior [ RunTime:0.000756s ]
INFO: [ view_filter ] --END-- [ RunTime:0.001562s ]
INFO: [ app_end ] --START--
INFO: Run Behavior\ShowPageTraceBehavior [ RunTime:0.000684s ]
INFO: [ app_end ] --END-- [ RunTime:0.000799s ]

[ 2017-09-12T19:58:31+08:00 ] 127.0.0.1 /Admin/User/addmoney/agent_id/25.html
INFO: [ app_init ] --START--
INFO: Run Behavior\BuildLiteBehavior [ RunTime:0.000022s ]
INFO: [ app_init ] --END-- [ RunTime:0.000413s ]
INFO: [ app_begin ] --START--
INFO: Run Behavior\ReadHtmlCacheBehavior [ RunTime:0.000491s ]
INFO: [ app_begin ] --END-- [ RunTime:0.000618s ]
SQL: SHOW COLUMNS FROM `yd_money` [ RunTime:0.0380s ]
SQL: SELECT * FROM `yd_money` WHERE `agent_id` = 25 LIMIT 1   [ RunTime:0.0292s ]
INFO: [ view_parse ] --START--
INFO: [ template_filter ] --START--
INFO: Run Behavior\ContentReplaceBehavior [ RunTime:0.000081s ]
INFO: [ template_filter ] --END-- [ RunTime:0.000224s ]
INFO: Run Behavior\ParseTemplateBehavior [ RunTime:0.014982s ]
INFO: [ view_parse ] --END-- [ RunTime:0.015087s ]
INFO: [ view_filter ] --START--
INFO: Run Behavior\WriteHtmlCacheBehavior [ RunTime:0.000518s ]
INFO: Run Behavior\TokenBuildBehavior [ RunTime:0.000550s ]
INFO: [ view_filter ] --END-- [ RunTime:0.001206s ]
INFO: [ app_end ] --START--
INFO: Run Behavior\ShowPageTraceBehavior [ RunTime:0.000561s ]
INFO: [ app_end ] --END-- [ RunTime:0.000649s ]

[ 2017-09-12T19:58:49+08:00 ] 127.0.0.1 /Admin/User/addmoney/agent_id/25.html
INFO: [ app_init ] --START--
INFO: Run Behavior\BuildLiteBehavior [ RunTime:0.000061s ]
INFO: [ app_init ] --END-- [ RunTime:0.000779s ]
INFO: [ app_begin ] --START--
INFO: Run Behavior\ReadHtmlCacheBehavior [ RunTime:0.002638s ]
INFO: [ app_begin ] --END-- [ RunTime:0.003359s ]
SQL: SHOW COLUMNS FROM `yd_money` [ RunTime:0.0025s ]
SQL: SELECT * FROM `yd_money` WHERE `agent_id` = 25 LIMIT 1   [ RunTime:0.0745s ]
INFO: [ view_parse ] --START--
INFO: [ template_filter ] --START--
INFO: Run Behavior\ContentReplaceBehavior [ RunTime:0.000069s ]
INFO: [ template_filter ] --END-- [ RunTime:0.000158s ]
INFO: Run Behavior\ParseTemplateBehavior [ RunTime:0.008145s ]
INFO: [ view_parse ] --END-- [ RunTime:0.008284s ]
INFO: [ view_filter ] --START--
INFO: Run Behavior\WriteHtmlCacheBehavior [ RunTime:0.000518s ]
INFO: Run Behavior\TokenBuildBehavior [ RunTime:0.000586s ]
INFO: [ view_filter ] --END-- [ RunTime:0.001277s ]
INFO: [ app_end ] --START--
INFO: Run Behavior\ShowPageTraceBehavior [ RunTime:0.000551s ]
INFO: [ app_end ] --END-- [ RunTime:0.000640s ]

[ 2017-09-12T19:58:57+08:00 ] 127.0.0.1 /Admin/User/addmoney/agent_id/25.html
INFO: [ app_init ] --START--
INFO: Run Behavior\BuildLiteBehavior [ RunTime:0.000021s ]
INFO: [ app_init ] --END-- [ RunTime:0.000451s ]
INFO: [ app_begin ] --START--
INFO: Run Behavior\ReadHtmlCacheBehavior [ RunTime:0.000475s ]
INFO: [ app_begin ] --END-- [ RunTime:0.000621s ]
SQL: SHOW COLUMNS FROM `yd_money` [ RunTime:0.1248s ]
NOTIC: [8] Undefined index: validate D:\wamp64\www\y\ThinkPHP\Library\Think\Model.class.php 第 1185 行.
NOTIC: [8] Undefined index: auto D:\wamp64\www\y\ThinkPHP\Library\Think\Model.class.php 第 1128 行.
SQL: UPDATE `yd_money` SET `money`=money+10000000 WHERE `agent_id` = 25 [ RunTime:0.3517s ]
SQL: SELECT `id` FROM `yd_money` WHERE `agent_id` = 25 LIMIT 1   [ RunTime:0.0004s ]
SQL: SHOW COLUMNS FROM `yd_money_log` [ RunTime:0.0007s ]
SQL: INSERT INTO `yd_money_log` (`agent_id`,`operation`,`type`,`money_id`,`money`,`ip`,`address`,`msg`,`time`,`res`) VALUES ('25','0','1','25','+10000000','127.0.0.1','未分配或者内网IP...内网IP.内网IP.内网IP.127.0.0.1','管理员给你充值 100000元 管理员备注:事实上','1505217537','1') [ RunTime:0.2809s ]
INFO: [ view_parse ] --START--
INFO: [ template_filter ] --START--
INFO: Run Behavior\ContentReplaceBehavior [ RunTime:0.000252s ]
INFO: [ template_filter ] --END-- [ RunTime:0.000637s ]
INFO: Run Behavior\ParseTemplateBehavior [ RunTime:0.018980s ]
INFO: [ view_parse ] --END-- [ RunTime:0.019311s ]
INFO: [ view_filter ] --START--
INFO: Run Behavior\WriteHtmlCacheBehavior [ RunTime:0.001157s ]
INFO: Run Behavior\TokenBuildBehavior [ RunTime:0.001327s ]
INFO: [ view_filter ] --END-- [ RunTime:0.002955s ]
INFO: [ app_end ] --START--
INFO: Run Behavior\ShowPageTraceBehavior [ RunTime:0.001534s ]
INFO: [ app_end ] --END-- [ RunTime:0.001847s ]

[ 2017-09-12T19:58:58+08:00 ] 127.0.0.1 /Admin/User/addmoney/agent_id/25.html
INFO: [ app_init ] --START--
INFO: Run Behavior\BuildLiteBehavior [ RunTime:0.000018s ]
INFO: [ app_init ] --END-- [ RunTime:0.000348s ]
INFO: [ app_begin ] --START--
INFO: Run Behavior\ReadHtmlCacheBehavior [ RunTime:0.000428s ]
INFO: [ app_begin ] --END-- [ RunTime:0.000520s ]
SQL: SHOW COLUMNS FROM `yd_money` [ RunTime:0.1476s ]
SQL: SELECT * FROM `yd_money` WHERE `agent_id` = 25 LIMIT 1   [ RunTime:0.0325s ]
INFO: [ view_parse ] --START--
INFO: [ template_filter ] --START--
INFO: Run Behavior\ContentReplaceBehavior [ RunTime:0.000081s ]
INFO: [ template_filter ] --END-- [ RunTime:0.000178s ]
INFO: Run Behavior\ParseTemplateBehavior [ RunTime:0.007229s ]
INFO: [ view_parse ] --END-- [ RunTime:0.007370s ]
INFO: [ view_filter ] --START--
INFO: Run Behavior\WriteHtmlCacheBehavior [ RunTime:0.000390s ]
INFO: Run Behavior\TokenBuildBehavior [ RunTime:0.000579s ]
INFO: [ view_filter ] --END-- [ RunTime:0.001107s ]
INFO: [ app_end ] --START--
INFO: Run Behavior\ShowPageTraceBehavior [ RunTime:0.000521s ]
INFO: [ app_end ] --END-- [ RunTime:0.000609s ]

[ 2017-09-12T19:59:05+08:00 ] 127.0.0.1 /Admin/User/update/id/25.html
INFO: [ app_init ] --START--
INFO: Run Behavior\BuildLiteBehavior [ RunTime:0.000033s ]
INFO: [ app_init ] --END-- [ RunTime:0.000529s ]
INFO: [ app_begin ] --START--
INFO: Run Behavior\ReadHtmlCacheBehavior [ RunTime:0.000632s ]
INFO: [ app_begin ] --END-- [ RunTime:0.000752s ]
SQL: SHOW COLUMNS FROM `yd_agent` [ RunTime:0.0022s ]
SQL: SELECT * FROM `yd_agent` INNER JOIN yd_money ON yd_money.agent_id = yd_agent.id  WHERE ( yd_agent.id =25 ) LIMIT 1   [ RunTime:0.1312s ]
INFO: [ view_parse ] --START--
INFO: [ template_filter ] --START--
INFO: Run Behavior\ContentReplaceBehavior [ RunTime:0.000427s ]
INFO: [ template_filter ] --END-- [ RunTime:0.000843s ]
NOTIC: [8] Use of undefined constant Index - assumed 'Index' D:\wamp64\www\y\App\Runtime\Cache\Admin\159af707b9d1a4b2a1e56d09c968d8df.php 第 18 行.
NOTIC: [8] Use of undefined constant index - assumed 'index' D:\wamp64\www\y\App\Runtime\Cache\Admin\159af707b9d1a4b2a1e56d09c968d8df.php 第 18 行.
NOTIC: [2] Division by zero D:\wamp64\www\y\App\Runtime\Cache\Admin\159af707b9d1a4b2a1e56d09c968d8df.php 第 18 行.
INFO: Run Behavior\ParseTemplateBehavior [ RunTime:0.039173s ]
INFO: [ view_parse ] --END-- [ RunTime:0.039562s ]
INFO: [ view_filter ] --START--
INFO: Run Behavior\WriteHtmlCacheBehavior [ RunTime:0.001500s ]
INFO: Run Behavior\TokenBuildBehavior [ RunTime:0.002368s ]
INFO: [ view_filter ] --END-- [ RunTime:0.004443s ]
INFO: [ app_end ] --START--
INFO: Run Behavior\ShowPageTraceBehavior [ RunTime:0.001913s ]
INFO: [ app_end ] --END-- [ RunTime:0.002315s ]

[ 2017-09-12T19:59:50+08:00 ] 127.0.0.1 /Admin/User/index.html
INFO: [ app_init ] --START--
INFO: Run Behavior\BuildLiteBehavior [ RunTime:0.000031s ]
INFO: [ app_init ] --END-- [ RunTime:0.000600s ]
INFO: [ app_begin ] --START--
INFO: Run Behavior\ReadHtmlCacheBehavior [ RunTime:0.000760s ]
INFO: [ app_begin ] --END-- [ RunTime:0.000905s ]
NOTIC: [8] Undefined index: p D:\wamp64\www\y\App\Admin\Controller\UserController.class.php 第 10 行.
SQL: SHOW COLUMNS FROM `yd_agent` [ RunTime:0.0253s ]
SQL: SELECT * FROM `yd_agent` INNER JOIN yd_money ON yd_money.agent_id = yd_agent.id  LIMIT 0,20   [ RunTime:0.0447s ]
SQL: SELECT COUNT(*) AS tp_count FROM `yd_agent` INNER JOIN yd_money ON yd_money.agent_id = yd_agent.id  LIMIT 1   [ RunTime:0.0007s ]
SQL: SHOW COLUMNS FROM `yd_login_log` [ RunTime:0.0005s ]
SQL: SELECT `time` FROM `yd_login_log` WHERE `name` = 'user1' ORDER BY time desc LIMIT 1   [ RunTime:0.1357s ]
SQL: SELECT `time` FROM `yd_login_log` WHERE `name` = 'user2' ORDER BY time desc LIMIT 1   [ RunTime:0.0171s ]
SQL: SELECT `time` FROM `yd_login_log` WHERE `name` = 'user3' ORDER BY time desc LIMIT 1   [ RunTime:0.0006s ]
SQL: SELECT `time` FROM `yd_login_log` WHERE `name` = 'll' ORDER BY time desc LIMIT 1   [ RunTime:0.0006s ]
SQL: SELECT `time` FROM `yd_login_log` WHERE `name` = 'user' ORDER BY time desc LIMIT 1   [ RunTime:0.0006s ]
SQL: SELECT `time` FROM `yd_login_log` WHERE `name` = 'cs' ORDER BY time desc LIMIT 1   [ RunTime:0.0005s ]
SQL: SELECT `time` FROM `yd_login_log` WHERE `name` = 'wodedailishang' ORDER BY time desc LIMIT 1   [ RunTime:0.0005s ]
SQL: SELECT `time` FROM `yd_login_log` WHERE `name` = 'user_2' ORDER BY time desc LIMIT 1   [ RunTime:0.0006s ]
SQL: SELECT `time` FROM `yd_login_log` WHERE `name` = 'user_3' ORDER BY time desc LIMIT 1   [ RunTime:0.0006s ]
SQL: SELECT `time` FROM `yd_login_log` WHERE `name` = 'user_4' ORDER BY time desc LIMIT 1   [ RunTime:0.0006s ]
SQL: SELECT `time` FROM `yd_login_log` WHERE `name` = 'admin' ORDER BY time desc LIMIT 1   [ RunTime:0.0005s ]
SQL: SELECT `time` FROM `yd_login_log` WHERE `name` = 'user_2_1' ORDER BY time desc LIMIT 1   [ RunTime:0.0005s ]
SQL: SELECT `time` FROM `yd_login_log` WHERE `name` = 'user_2_2' ORDER BY time desc LIMIT 1   [ RunTime:0.0005s ]
SQL: SELECT `time` FROM `yd_login_log` WHERE `name` = 'zhoufei' ORDER BY time desc LIMIT 1   [ RunTime:0.0006s ]
INFO: [ view_parse ] --START--
INFO: [ template_filter ] --START--
INFO: Run Behavior\ContentReplaceBehavior [ RunTime:0.000260s ]
INFO: [ template_filter ] --END-- [ RunTime:0.000471s ]
NOTIC: [8] Use of undefined constant Index - assumed 'Index' D:\wamp64\www\y\App\Runtime\Cache\Admin\4295d5db477f3199c8db51638416159f.php 第 18 行.
NOTIC: [8] Use of undefined constant index - assumed 'index' D:\wamp64\www\y\App\Runtime\Cache\Admin\4295d5db477f3199c8db51638416159f.php 第 18 行.
NOTIC: [2] Division by zero D:\wamp64\www\y\App\Runtime\Cache\Admin\4295d5db477f3199c8db51638416159f.php 第 18 行.
INFO: Run Behavior\ParseTemplateBehavior [ RunTime:0.058065s ]
INFO: [ view_parse ] --END-- [ RunTime:0.058226s ]
INFO: [ view_filter ] --START--
INFO: Run Behavior\WriteHtmlCacheBehavior [ RunTime:0.000621s ]
INFO: Run Behavior\TokenBuildBehavior [ RunTime:0.001667s ]
INFO: [ view_filter ] --END-- [ RunTime:0.002445s ]
INFO: [ app_end ] --START--
INFO: Run Behavior\ShowPageTraceBehavior [ RunTime:0.000648s ]
INFO: [ app_end ] --END-- [ RunTime:0.000755s ]

