[ 2017-09-08T09:47:13+08:00 ] 127.0.0.1 /App/Admin/style/images/btn_tb.png
INFO: [ app_init ] --START--
INFO: Run Behavior\BuildLiteBehavior [ RunTime:0.000035s ]
INFO: [ app_init ] --END-- [ RunTime:0.000676s ]
ERR: 无法加载模块:App

[ 2017-09-08T09:47:21+08:00 ] 127.0.0.1 /App/Admin/style/images/fabu_jia.png
INFO: [ app_init ] --START--
INFO: Run Behavior\BuildLiteBehavior [ RunTime:0.000032s ]
INFO: [ app_init ] --END-- [ RunTime:0.000456s ]
ERR: 无法加载模块:App

[ 2017-09-08T09:47:21+08:00 ] 127.0.0.1 /App/Admin/style/images/btn_tb.png
INFO: [ app_init ] --START--
INFO: Run Behavior\BuildLiteBehavior [ RunTime:0.000036s ]
INFO: [ app_init ] --END-- [ RunTime:0.000506s ]
ERR: 无法加载模块:App

[ 2017-09-08T09:49:02+08:00 ] 127.0.0.1 /App/Admin/style/images/btn_tb.png
INFO: [ app_init ] --START--
INFO: Run Behavior\BuildLiteBehavior [ RunTime:0.000036s ]
INFO: [ app_init ] --END-- [ RunTime:0.000663s ]
ERR: 无法加载模块:App

[ 2017-09-08T09:49:04+08:00 ] 127.0.0.1 /favicon.ico
INFO: [ app_init ] --START--
INFO: Run Behavior\BuildLiteBehavior [ RunTime:0.000066s ]
INFO: [ app_init ] --END-- [ RunTime:0.000425s ]
ERR: 无法加载模块:Favicon

[ 2017-09-08T09:49:05+08:00 ] 127.0.0.1 /App/Admin/style/images/btn_tb.png
INFO: [ app_init ] --START--
INFO: Run Behavior\BuildLiteBehavior [ RunTime:0.000018s ]
INFO: [ app_init ] --END-- [ RunTime:0.000298s ]
ERR: 无法加载模块:App

[ 2017-09-08T09:49:07+08:00 ] 127.0.0.1 /App/Admin/style/images/btn_tb.png
INFO: [ app_init ] --START--
INFO: Run Behavior\BuildLiteBehavior [ RunTime:0.000019s ]
INFO: [ app_init ] --END-- [ RunTime:0.000318s ]
ERR: 无法加载模块:App

[ 2017-09-08T09:49:07+08:00 ] 127.0.0.1 /App/Admin/style/images/fabu_jia.png
INFO: [ app_init ] --START--
INFO: Run Behavior\BuildLiteBehavior [ RunTime:0.000032s ]
INFO: [ app_init ] --END-- [ RunTime:0.000581s ]
ERR: 无法加载模块:App

[ 2017-09-08T10:06:58+08:00 ] 127.0.0.1 /App/Admin/style/images/btn_tb.png
INFO: [ app_init ] --START--
INFO: Run Behavior\BuildLiteBehavior [ RunTime:0.000018s ]
INFO: [ app_init ] --END-- [ RunTime:0.000318s ]
ERR: 无法加载模块:App

[ 2017-09-08T10:06:58+08:00 ] 127.0.0.1 /App/Admin/style/images/fabu_jia.png
INFO: [ app_init ] --START--
INFO: Run Behavior\BuildLiteBehavior [ RunTime:0.000018s ]
INFO: [ app_init ] --END-- [ RunTime:0.000372s ]
ERR: 无法加载模块:App

[ 2017-09-08T10:45:54+08:00 ] 127.0.0.1 /App/Admin/style/images/fabu_jia.png
INFO: [ app_init ] --START--
INFO: Run Behavior\BuildLiteBehavior [ RunTime:0.000035s ]
INFO: [ app_init ] --END-- [ RunTime:0.000577s ]
ERR: 无法加载模块:App

[ 2017-09-08T10:45:54+08:00 ] 127.0.0.1 /App/Admin/style/images/btn_tb.png
INFO: [ app_init ] --START--
INFO: Run Behavior\BuildLiteBehavior [ RunTime:0.000028s ]
INFO: [ app_init ] --END-- [ RunTime:0.000476s ]
ERR: 无法加载模块:App

[ 2017-09-08T10:45:56+08:00 ] 127.0.0.1 /App/Admin/style/images/fabu_jia.png
INFO: [ app_init ] --START--
INFO: Run Behavior\BuildLiteBehavior [ RunTime:0.000032s ]
INFO: [ app_init ] --END-- [ RunTime:0.000449s ]
ERR: 无法加载模块:App

[ 2017-09-08T10:45:56+08:00 ] 127.0.0.1 /App/Admin/style/images/btn_tb.png
INFO: [ app_init ] --START--
INFO: Run Behavior\BuildLiteBehavior [ RunTime:0.000021s ]
INFO: [ app_init ] --END-- [ RunTime:0.000517s ]
ERR: 无法加载模块:App

[ 2017-09-08T10:46:18+08:00 ] 127.0.0.1 /App/Admin/style/images/btn_tb.png
INFO: [ app_init ] --START--
INFO: Run Behavior\BuildLiteBehavior [ RunTime:0.000033s ]
INFO: [ app_init ] --END-- [ RunTime:0.000501s ]
ERR: 无法加载模块:App

[ 2017-09-08T10:46:18+08:00 ] 127.0.0.1 /App/Admin/style/images/fabu_jia.png
INFO: [ app_init ] --START--
INFO: Run Behavior\BuildLiteBehavior [ RunTime:0.000034s ]
INFO: [ app_init ] --END-- [ RunTime:0.000550s ]
ERR: 无法加载模块:App

[ 2017-09-08T10:46:24+08:00 ] 127.0.0.1 /App/Admin/style/images/btn_tb.png
INFO: [ app_init ] --START--
INFO: Run Behavior\BuildLiteBehavior [ RunTime:0.000031s ]
INFO: [ app_init ] --END-- [ RunTime:0.000461s ]
ERR: 无法加载模块:App

[ 2017-09-08T10:46:24+08:00 ] 127.0.0.1 /App/Admin/style/images/fabu_jia.png
INFO: [ app_init ] --START--
INFO: Run Behavior\BuildLiteBehavior [ RunTime:0.000037s ]
INFO: [ app_init ] --END-- [ RunTime:0.000681s ]
ERR: 无法加载模块:App

