[ 2017-08-31T09:30:29+08:00 ] 127.0.0.1 /favicon.ico
INFO: [ app_init ] --START--
INFO: Run Behavior\BuildLiteBehavior [ RunTime:0.000022s ]
INFO: [ app_init ] --END-- [ RunTime:0.000499s ]
ERR: 无法加载模块:Favicon

[ 2017-08-31T09:30:51+08:00 ] 127.0.0.1 /App/Admin/style/images/btn_tb.png
INFO: [ app_init ] --START--
INFO: Run Behavior\BuildLiteBehavior [ RunTime:0.000022s ]
INFO: [ app_init ] --END-- [ RunTime:0.000439s ]
ERR: 无法加载模块:App

[ 2017-08-31T09:30:54+08:00 ] 127.0.0.1 /App/Admin/style/images/fabu_jia.png
INFO: [ app_init ] --START--
INFO: Run Behavior\BuildLiteBehavior [ RunTime:0.000021s ]
INFO: [ app_init ] --END-- [ RunTime:0.000376s ]
ERR: 无法加载模块:App

[ 2017-08-31T09:30:54+08:00 ] 127.0.0.1 /App/Admin/style/images/btn_tb.png
INFO: [ app_init ] --START--
INFO: Run Behavior\BuildLiteBehavior [ RunTime:0.000019s ]
INFO: [ app_init ] --END-- [ RunTime:0.000376s ]
ERR: 无法加载模块:App

[ 2017-08-31T09:31:00+08:00 ] 127.0.0.1 /App/Admin/style/images/btn_tb.png
INFO: [ app_init ] --START--
INFO: Run Behavior\BuildLiteBehavior [ RunTime:0.000043s ]
INFO: [ app_init ] --END-- [ RunTime:0.002681s ]
ERR: 无法加载模块:App

[ 2017-08-31T09:31:00+08:00 ] 127.0.0.1 /App/Admin/style/images/fabu_jia.png
INFO: [ app_init ] --START--
INFO: Run Behavior\BuildLiteBehavior [ RunTime:0.000140s ]
INFO: [ app_init ] --END-- [ RunTime:0.001744s ]
ERR: 无法加载模块:App

[ 2017-08-31T09:31:05+08:00 ] 127.0.0.1 /App/Admin/style/images/fabu_jia.png
INFO: [ app_init ] --START--
INFO: Run Behavior\BuildLiteBehavior [ RunTime:0.000019s ]
INFO: [ app_init ] --END-- [ RunTime:0.000378s ]
ERR: 无法加载模块:App

[ 2017-08-31T09:31:05+08:00 ] 127.0.0.1 /App/Admin/style/images/btn_tb.png
INFO: [ app_init ] --START--
INFO: Run Behavior\BuildLiteBehavior [ RunTime:0.000036s ]
INFO: [ app_init ] --END-- [ RunTime:0.000485s ]
ERR: 无法加载模块:App

